Build started 5/17/2016 7:37:23 AM.
     1>Project "C:\Users\Liduta\Desktop\lab-5\LastTraffic\LastTraffic\LastTraffic.vcxproj" on node 2 (build target(s)).
     1>InitializeBuildStatus:
         Creating "Debug\LastTraffic.unsuccessfulbuild" because "AlwaysCreate" was specified.
       ClCompile:
         All outputs are up-to-date.
         C:\Program Files (x86)\Microsoft Visual Studio 10.0\VC\bin\CL.exe /c /ZI /nologo /W3 /WX- /Od /Oy- /D WIN32 /D _DEBUG /D _WINDOWS /D _UNICODE /D UNICODE /D _ATL_STATIC_REGISTRY /Gm /EHsc /RTC1 /MDd /GS /fp:precise /Zc:wchar_t /Zc:forScope /Yu"StdAfx.h" /Fp"Debug\LastTraffic.pch" /Fo"Debug\\" /Fd"Debug\vc100.pdb" /Gd /TP /analyze- /errorReport:prompt CarManager.cpp Drunk.cpp LastTraffic.cpp
         CarManager.cpp
     1>c:\users\liduta\desktop\lab-5\lasttraffic\lasttraffic\carc.h(2): warning C4067: unexpected tokens following preprocessor directive - expected a newline
     1>c:\users\liduta\desktop\lab-5\lasttraffic\lasttraffic\drunk.h(2): warning C4067: unexpected tokens following preprocessor directive - expected a newline
     1>c:\users\liduta\desktop\lab-5\lasttraffic\lasttraffic\carmanager.h(175): warning C4018: '<=' : signed/unsigned mismatch
     1>c:\users\liduta\desktop\lab-5\lasttraffic\lasttraffic\carmanager.h(189): warning C4018: '<=' : signed/unsigned mismatch
     1>c:\users\liduta\desktop\lab-5\lasttraffic\lasttraffic\carmanager.h(203): warning C4018: '<=' : signed/unsigned mismatch
     1>c:\users\liduta\desktop\lab-5\lasttraffic\lasttraffic\carmanager.h(216): warning C4018: '<=' : signed/unsigned mismatch
         Generating Code...
         Compiling...
         LastTraffic.cpp
     1>c:\users\liduta\desktop\lab-5\lasttraffic\lasttraffic\trafficlightcolors.h(3): warning C4067: unexpected tokens following preprocessor directive - expected a newline
     1>c:\users\liduta\desktop\lab-5\lasttraffic\lasttraffic\carc.h(2): warning C4067: unexpected tokens following preprocessor directive - expected a newline
     1>c:\users\liduta\desktop\lab-5\lasttraffic\lasttraffic\drunk.h(2): warning C4067: unexpected tokens following preprocessor directive - expected a newline
     1>c:\users\liduta\desktop\lab-5\lasttraffic\lasttraffic\carmanager.h(175): warning C4018: '<=' : signed/unsigned mismatch
     1>c:\users\liduta\desktop\lab-5\lasttraffic\lasttraffic\carmanager.h(189): warning C4018: '<=' : signed/unsigned mismatch
     1>c:\users\liduta\desktop\lab-5\lasttraffic\lasttraffic\carmanager.h(203): warning C4018: '<=' : signed/unsigned mismatch
     1>c:\users\liduta\desktop\lab-5\lasttraffic\lasttraffic\carmanager.h(216): warning C4018: '<=' : signed/unsigned mismatch
         Generating Code...
         Skipping... (no relevant changes detected)
         Drunk.cpp
       ResourceCompile:
         All outputs are up-to-date.
       ManifestResourceCompile:
         All outputs are up-to-date.
       Link:
         C:\Program Files (x86)\Microsoft Visual Studio 10.0\VC\bin\link.exe /ERRORREPORT:PROMPT /OUT:"C:\Users\Liduta\Desktop\lab-5\LastTraffic\Debug\LastTraffic.exe" /INCREMENTAL /NOLOGO kernel32.lib user32.lib gdi32.lib winspool.lib comdlg32.lib advapi32.lib shell32.lib ole32.lib oleaut32.lib uuid.lib odbc32.lib odbccp32.lib /MANIFEST /ManifestFile:"Debug\LastTraffic.exe.intermediate.manifest" /MANIFESTUAC:"level='asInvoker' uiAccess='false'" /DEBUG /PDB:"C:\Users\Liduta\Desktop\lab-5\LastTraffic\Debug\LastTraffic.pdb" /SUBSYSTEM:WINDOWS /TLBID:1 /DYNAMICBASE /NXCOMPAT /IMPLIB:"C:\Users\Liduta\Desktop\lab-5\LastTraffic\Debug\LastTraffic.lib" /MACHINE:X86 Debug\LastTraffic.res
         Debug\LastTraffic.exe.embed.manifest.res
         Debug\CarA.obj
         Debug\CarB.obj
         Debug\CarC.obj
         Debug\CarD.obj
         Debug\CarManager.obj
         Debug\Drunk.obj
         Debug\Frame.obj
         Debug\Helper.obj
         Debug\LastTraffic.obj
         Debug\Pedestrian.obj
         Debug\PedestrianB.obj
         Debug\PedestrianC.obj
         Debug\PedestrianD.obj
         Debug\PedestrianManager.obj
         Debug\stdafx.obj
         Debug\TrafficLight.obj
       Manifest:
         C:\Program Files (x86)\Microsoft SDKs\Windows\v7.0A\bin\mt.exe /nologo /verbose /out:"Debug\LastTraffic.exe.embed.manifest" /manifest Debug\LastTraffic.exe.intermediate.manifest
         All outputs are up-to-date.
       LinkEmbedManifest:
         All outputs are up-to-date.
         LastTraffic.vcxproj -> C:\Users\Liduta\Desktop\lab-5\LastTraffic\Debug\LastTraffic.exe
       FinalizeBuildStatus:
         Deleting file "Debug\LastTraffic.unsuccessfulbuild".
         Touching "Debug\LastTraffic.lastbuildstate".
     1>Done Building Project "C:\Users\Liduta\Desktop\lab-5\LastTraffic\LastTraffic\LastTraffic.vcxproj" (build target(s)).

Build succeeded.

Time Elapsed 00:00:04.26
