C:\USERS\LIDUTA\DESKTOP\LAB-5\LASTTRAFFIC\DEBUG\LASTTRAFFIC.EXE
C:\USERS\LIDUTA\DESKTOP\LAB-5\LASTTRAFFIC\DEBUG\LASTTRAFFIC.ILK
C:\USERS\LIDUTA\DESKTOP\LAB-5\LASTTRAFFIC\DEBUG\LASTTRAFFIC.PDB
C:\USERS\LIDUTA\DESKTOP\LAB-5\LASTTRAFFIC\LASTTRAFFIC\DEBUG\CARA.OBJ
C:\USERS\LIDUTA\DESKTOP\LAB-5\LASTTRAFFIC\LASTTRAFFIC\DEBUG\CARB.OBJ
C:\USERS\LIDUTA\DESKTOP\LAB-5\LASTTRAFFIC\LASTTRAFFIC\DEBUG\CARC.OBJ
C:\USERS\LIDUTA\DESKTOP\LAB-5\LASTTRAFFIC\LASTTRAFFIC\DEBUG\CARD.OBJ
C:\Users\Liduta\Desktop\lab-5\LastTraffic\LastTraffic\Debug\cl.command.1.tlog
C:\Users\Liduta\Desktop\lab-5\LastTraffic\LastTraffic\Debug\CL.read.1.tlog
C:\Users\Liduta\Desktop\lab-5\LastTraffic\LastTraffic\Debug\CL.write.1.tlog
C:\USERS\LIDUTA\DESKTOP\LAB-5\LASTTRAFFIC\LASTTRAFFIC\DEBUG\FRAME.OBJ
C:\USERS\LIDUTA\DESKTOP\LAB-5\LASTTRAFFIC\LASTTRAFFIC\DEBUG\HELPER.OBJ
C:\USERS\LIDUTA\DESKTOP\LAB-5\LASTTRAFFIC\LASTTRAFFIC\DEBUG\LASTTRAFFIC.EXE.EMBED.MANIFEST
C:\USERS\LIDUTA\DESKTOP\LAB-5\LASTTRAFFIC\LASTTRAFFIC\DEBUG\LASTTRAFFIC.EXE.EMBED.MANIFEST.RES
C:\USERS\LIDUTA\DESKTOP\LAB-5\LASTTRAFFIC\LASTTRAFFIC\DEBUG\LASTTRAFFIC.EXE.INTERMEDIATE.MANIFEST
C:\USERS\LIDUTA\DESKTOP\LAB-5\LASTTRAFFIC\LASTTRAFFIC\DEBUG\LASTTRAFFIC.OBJ
C:\USERS\LIDUTA\DESKTOP\LAB-5\LASTTRAFFIC\LASTTRAFFIC\DEBUG\LASTTRAFFIC.PCH
C:\USERS\LIDUTA\DESKTOP\LAB-5\LASTTRAFFIC\LASTTRAFFIC\DEBUG\LASTTRAFFIC.RES
C:\Users\Liduta\Desktop\lab-5\LastTraffic\LastTraffic\Debug\LastTraffic.vcxprojResolveAssemblyReference.cache
C:\Users\Liduta\Desktop\lab-5\LastTraffic\LastTraffic\Debug\LastTraffic.write.1.tlog
C:\Users\Liduta\Desktop\lab-5\LastTraffic\LastTraffic\Debug\LastTraffic_manifest.rc
C:\Users\Liduta\Desktop\lab-5\LastTraffic\LastTraffic\Debug\link.1588.read.1.tlog
C:\Users\Liduta\Desktop\lab-5\LastTraffic\LastTraffic\Debug\link.1588.write.1.tlog
C:\Users\Liduta\Desktop\lab-5\LastTraffic\LastTraffic\Debug\link.1588-cvtres.read.1.tlog
C:\Users\Liduta\Desktop\lab-5\LastTraffic\LastTraffic\Debug\link.1588-cvtres.write.1.tlog
C:\Users\Liduta\Desktop\lab-5\LastTraffic\LastTraffic\Debug\link.6904.read.1.tlog
C:\Users\Liduta\Desktop\lab-5\LastTraffic\LastTraffic\Debug\link.6904.write.1.tlog
C:\Users\Liduta\Desktop\lab-5\LastTraffic\LastTraffic\Debug\link.6904-cvtres.read.1.tlog
C:\Users\Liduta\Desktop\lab-5\LastTraffic\LastTraffic\Debug\link.6904-cvtres.write.1.tlog
C:\Users\Liduta\Desktop\lab-5\LastTraffic\LastTraffic\Debug\link.7060.read.1.tlog
C:\Users\Liduta\Desktop\lab-5\LastTraffic\LastTraffic\Debug\link.7060.write.1.tlog
C:\Users\Liduta\Desktop\lab-5\LastTraffic\LastTraffic\Debug\link.7060-cvtres.read.1.tlog
C:\Users\Liduta\Desktop\lab-5\LastTraffic\LastTraffic\Debug\link.7060-cvtres.write.1.tlog
C:\Users\Liduta\Desktop\lab-5\LastTraffic\LastTraffic\Debug\link.command.1.tlog
C:\Users\Liduta\Desktop\lab-5\LastTraffic\LastTraffic\Debug\link.read.1.tlog
C:\Users\Liduta\Desktop\lab-5\LastTraffic\LastTraffic\Debug\link.write.1.tlog
C:\Users\Liduta\Desktop\lab-5\LastTraffic\LastTraffic\Debug\link-cvtres.read.1.tlog
C:\Users\Liduta\Desktop\lab-5\LastTraffic\LastTraffic\Debug\link-cvtres.write.1.tlog
C:\Users\Liduta\Desktop\lab-5\LastTraffic\LastTraffic\Debug\mt.command.1.tlog
C:\Users\Liduta\Desktop\lab-5\LastTraffic\LastTraffic\Debug\mt.read.1.tlog
C:\Users\Liduta\Desktop\lab-5\LastTraffic\LastTraffic\Debug\mt.write.1.tlog
C:\Users\Liduta\Desktop\lab-5\LastTraffic\LastTraffic\Debug\rc.command.1.tlog
C:\Users\Liduta\Desktop\lab-5\LastTraffic\LastTraffic\Debug\rc.read.1.tlog
C:\Users\Liduta\Desktop\lab-5\LastTraffic\LastTraffic\Debug\rc.write.1.tlog
C:\USERS\LIDUTA\DESKTOP\LAB-5\LASTTRAFFIC\LASTTRAFFIC\DEBUG\STDAFX.OBJ
C:\USERS\LIDUTA\DESKTOP\LAB-5\LASTTRAFFIC\LASTTRAFFIC\DEBUG\TRAFFICLIGHT.OBJ
C:\Users\Liduta\Desktop\lab-5\LastTraffic\LastTraffic\Debug\vc100.idb
C:\USERS\LIDUTA\DESKTOP\LAB-5\LASTTRAFFIC\LASTTRAFFIC\DEBUG\VC100.PDB
